androidApp/build/intermediates/manifest_merge_blame_file/freeRelease/processFreeReleaseMainManifest/manifest-merger-blame-free-release-report.txt
1<?xml version="1.0" encoding="utf-8"?>
2<manifest xmlns:android="http://schemas.android.com/apk/res/android"
3    package="com.free.pulselink"
4    android:versionCode="12"
5    android:versionName="11.1.0-free" >
6
7    <uses-sdk
8        android:minSdkVersion="26"
9        android:targetSdkVersion="35" />
10
11    <uses-feature
11-->src\main\AndroidManifest.xml:5:5-88
12        android:name="android.hardware.telephony"
12-->src\main\AndroidManifest.xml:5:19-60
13        android:required="false" />
13-->src\main\AndroidManifest.xml:5:61-85
14
15    <uses-permission android:name="android.permission.POST_NOTIFICATIONS" />
15-->src\main\AndroidManifest.xml:7:5-77
15-->src\main\AndroidManifest.xml:7:22-74
16    <uses-permission android:name="android.permission.ACCESS_FINE_LOCATION" />
16-->src\main\AndroidManifest.xml:8:5-79
16-->src\main\AndroidManifest.xml:8:22-76
17    <uses-permission android:name="android.permission.ACCESS_COARSE_LOCATION" />
17-->src\main\AndroidManifest.xml:9:5-81
17-->src\main\AndroidManifest.xml:9:22-78
18    <uses-permission android:name="android.permission.SEND_SMS" />
18-->src\main\AndroidManifest.xml:10:5-67
18-->src\main\AndroidManifest.xml:10:22-64
19    <uses-permission android:name="android.permission.RECEIVE_SMS" />
19-->src\main\AndroidManifest.xml:11:5-70
19-->src\main\AndroidManifest.xml:11:22-67
20    <uses-permission android:name="android.permission.READ_SMS" />
20-->src\main\AndroidManifest.xml:12:5-67
20-->src\main\AndroidManifest.xml:12:22-64
21    <uses-permission android:name="android.permission.CALL_PHONE" />
21-->src\main\AndroidManifest.xml:13:5-69
21-->src\main\AndroidManifest.xml:13:22-66
22    <uses-permission android:name="android.permission.READ_PHONE_STATE" />
22-->src\main\AndroidManifest.xml:14:5-75
22-->src\main\AndroidManifest.xml:14:22-72
23    <uses-permission android:name="android.permission.READ_CALL_LOG" />
23-->src\main\AndroidManifest.xml:15:5-72
23-->src\main\AndroidManifest.xml:15:22-69
24    <uses-permission android:name="android.permission.READ_CONTACTS" />
24-->src\main\AndroidManifest.xml:16:1-68
24-->src\main\AndroidManifest.xml:16:18-65
25    <uses-permission android:name="android.permission.ACCESS_NOTIFICATION_POLICY" />
25-->src\main\AndroidManifest.xml:17:1-81
25-->src\main\AndroidManifest.xml:17:18-78
26    <uses-permission android:name="android.permission.RECEIVE_BOOT_COMPLETED" />
26-->src\main\AndroidManifest.xml:18:1-77
26-->src\main\AndroidManifest.xml:18:18-74
27
28    <queries>
28-->src\main\AndroidManifest.xml:20:1-22:11
29        <package android:name="com.google.android.googlequicksearchbox" />
29-->src\main\AndroidManifest.xml:21:5-71
29-->src\main\AndroidManifest.xml:21:14-68
30        <!-- Needs to be explicitly declared on Android R+ -->
31        <package android:name="com.google.android.apps.maps" /> <!-- For browser content -->
31-->[com.google.android.gms:play-services-maps:18.2.0] AndroidManifest.xml:33:9-64
31-->[com.google.android.gms:play-services-maps:18.2.0] AndroidManifest.xml:33:18-61
32        <intent>
32-->[com.google.android.gms:play-services-ads-lite:22.6.0] AndroidManifest.xml:38:9-44:18
33            <action android:name="android.intent.action.VIEW" />
33-->src\main\AndroidManifest.xml:77:17-69
33-->src\main\AndroidManifest.xml:77:25-66
34
35            <category android:name="android.intent.category.BROWSABLE" />
35-->src\main\AndroidManifest.xml:79:17-78
35-->src\main\AndroidManifest.xml:79:27-75
36
37            <data android:scheme="https" />
37-->src\main\AndroidManifest.xml:80:17-82:50
37-->src\main\AndroidManifest.xml:82:21-47
38        </intent> <!-- End of browser content -->
39        <!-- For CustomTabsService -->
40        <intent>
40-->[com.google.android.gms:play-services-ads-lite:22.6.0] AndroidManifest.xml:47:9-49:18
41            <action android:name="android.support.customtabs.action.CustomTabsService" />
41-->[com.google.android.gms:play-services-ads-lite:22.6.0] AndroidManifest.xml:48:13-90
41-->[com.google.android.gms:play-services-ads-lite:22.6.0] AndroidManifest.xml:48:21-87
42        </intent>
43    </queries>
44
45    <uses-permission android:name="android.permission.USE_BIOMETRIC" /> <!-- suppress DeprecatedClassUsageInspection -->
45-->[androidx.biometric:biometric:1.1.0] AndroidManifest.xml:24:5-72
45-->[androidx.biometric:biometric:1.1.0] AndroidManifest.xml:24:22-69
46    <uses-permission android:name="android.permission.USE_FINGERPRINT" /> <!-- Include required permissions for Google Maps API to run. -->
46-->[androidx.biometric:biometric:1.1.0] AndroidManifest.xml:27:5-74
46-->[androidx.biometric:biometric:1.1.0] AndroidManifest.xml:27:22-71
47    <uses-permission android:name="android.permission.ACCESS_NETWORK_STATE" />
47-->[com.google.android.gms:play-services-maps:18.2.0] AndroidManifest.xml:23:5-79
47-->[com.google.android.gms:play-services-maps:18.2.0] AndroidManifest.xml:23:22-76
48    <uses-permission android:name="android.permission.INTERNET" />
48-->[com.google.android.gms:play-services-maps:18.2.0] AndroidManifest.xml:24:5-67
48-->[com.google.android.gms:play-services-maps:18.2.0] AndroidManifest.xml:24:22-64
49
50    <uses-feature
50-->[com.google.android.gms:play-services-maps:18.2.0] AndroidManifest.xml:26:5-28:35
51        android:glEsVersion="0x00020000"
51-->[com.google.android.gms:play-services-maps:18.2.0] AndroidManifest.xml:27:9-41
52        android:required="true" />
52-->[com.google.android.gms:play-services-maps:18.2.0] AndroidManifest.xml:28:9-32
53
54    <uses-permission android:name="com.google.android.providers.gsf.permission.READ_GSERVICES" />
54-->[com.google.android.recaptcha:recaptcha:18.4.0] AndroidManifest.xml:9:5-98
54-->[com.google.android.recaptcha:recaptcha:18.4.0] AndroidManifest.xml:9:22-95
55    <uses-permission android:name="com.google.android.gms.permission.AD_ID" />
55-->[com.google.android.gms:play-services-ads-lite:22.6.0] AndroidManifest.xml:26:5-79
55-->[com.google.android.gms:play-services-ads-lite:22.6.0] AndroidManifest.xml:26:22-76
56    <uses-permission android:name="android.permission.ACCESS_ADSERVICES_AD_ID" />
56-->[com.google.android.gms:play-services-ads-lite:22.6.0] AndroidManifest.xml:27:5-82
56-->[com.google.android.gms:play-services-ads-lite:22.6.0] AndroidManifest.xml:27:22-79
57    <uses-permission android:name="android.permission.ACCESS_ADSERVICES_ATTRIBUTION" />
57-->[com.google.android.gms:play-services-ads-lite:22.6.0] AndroidManifest.xml:28:5-88
57-->[com.google.android.gms:play-services-ads-lite:22.6.0] AndroidManifest.xml:28:22-85
58    <uses-permission android:name="android.permission.ACCESS_ADSERVICES_TOPICS" />
58-->[com.google.android.gms:play-services-ads-lite:22.6.0] AndroidManifest.xml:29:5-83
58-->[com.google.android.gms:play-services-ads-lite:22.6.0] AndroidManifest.xml:29:22-80
59    <uses-permission android:name="android.permission.WAKE_LOCK" />
59-->[androidx.work:work-runtime:2.9.0] AndroidManifest.xml:23:5-68
59-->[androidx.work:work-runtime:2.9.0] AndroidManifest.xml:23:22-65
60    <uses-permission android:name="android.permission.FOREGROUND_SERVICE" /> <!-- Required by older versions of Google Play services to create IID tokens -->
60-->[androidx.work:work-runtime:2.9.0] AndroidManifest.xml:26:5-77
60-->[androidx.work:work-runtime:2.9.0] AndroidManifest.xml:26:22-74
61    <uses-permission android:name="com.google.android.c2dm.permission.RECEIVE" />
61-->[com.google.firebase:firebase-iid:21.1.0] AndroidManifest.xml:26:5-82
61-->[com.google.firebase:firebase-iid:21.1.0] AndroidManifest.xml:26:22-79
62
63    <permission
63-->[androidx.core:core:1.13.1] AndroidManifest.xml:22:5-24:47
64        android:name="com.free.pulselink.DYNAMIC_RECEIVER_NOT_EXPORTED_PERMISSION"
64-->[androidx.core:core:1.13.1] AndroidManifest.xml:23:9-81
65        android:protectionLevel="signature" />
65-->[androidx.core:core:1.13.1] AndroidManifest.xml:24:9-44
66
67    <uses-permission android:name="com.free.pulselink.DYNAMIC_RECEIVER_NOT_EXPORTED_PERMISSION" />
67-->[androidx.core:core:1.13.1] AndroidManifest.xml:26:5-97
67-->[androidx.core:core:1.13.1] AndroidManifest.xml:26:22-94
68
69    <application
69-->src\main\AndroidManifest.xml:24:1-124:19
70        android:name="com.pulselink.PulseLinkApp"
70-->src\main\AndroidManifest.xml:25:9-37
71        android:allowBackup="false"
71-->src\main\AndroidManifest.xml:26:9-36
72        android:appComponentFactory="androidx.core.app.CoreComponentFactory"
72-->[androidx.core:core:1.13.1] AndroidManifest.xml:28:18-86
73        android:extractNativeLibs="false"
74        android:icon="@drawable/ic_logo"
74-->src\main\AndroidManifest.xml:27:9-41
75        android:label="@string/app_name"
75-->src\main\AndroidManifest.xml:28:9-41
76        android:roundIcon="@drawable/ic_logo"
76-->src\main\AndroidManifest.xml:29:9-46
77        android:supportsRtl="true"
77-->src\main\AndroidManifest.xml:30:9-35
78        android:theme="@style/Theme.PulseLink" >
78-->src\main\AndroidManifest.xml:31:9-47
79        <meta-data
80            android:name="com.google.android.gms.ads.APPLICATION_ID"
80-->src\free\AndroidManifest.xml:6:13-69
81            android:value="ca-app-pub-5327057757821609~9533221188" />
81-->src\free\AndroidManifest.xml:7:13-42
82
83        <activity
83-->src\main\AndroidManifest.xml:33:9-40:20
84            android:name="com.pulselink.ui.MainActivity"
84-->src\main\AndroidManifest.xml:34:13-44
85            android:exported="true" >
85-->src\main\AndroidManifest.xml:35:13-36
86            <intent-filter>
86-->src\main\AndroidManifest.xml:36:13-39:29
87                <action android:name="android.intent.action.MAIN" />
87-->src\main\AndroidManifest.xml:37:17-69
87-->src\main\AndroidManifest.xml:37:25-66
88
89                <category android:name="android.intent.category.LAUNCHER" />
89-->src\main\AndroidManifest.xml:38:17-77
89-->src\main\AndroidManifest.xml:38:27-74
90            </intent-filter>
91        </activity>
92
93        <meta-data
93-->src\main\AndroidManifest.xml:42:9-44:47
94            android:name="com.google.android.actions"
94-->src\main\AndroidManifest.xml:43:13-54
95            android:resource="@xml/actions" />
95-->src\main\AndroidManifest.xml:44:13-44
96
97        <receiver
97-->src\main\AndroidManifest.xml:50:9-57:20
98            android:name="com.pulselink.receiver.PulseLinkSmsReceiver"
98-->src\main\AndroidManifest.xml:51:13-58
99            android:enabled="true"
99-->src\main\AndroidManifest.xml:52:13-35
100            android:exported="true" >
100-->src\main\AndroidManifest.xml:53:13-36
101            <intent-filter android:priority="999" >
101-->src\main\AndroidManifest.xml:54:13-56:29
101-->src\main\AndroidManifest.xml:54:28-50
102                <action android:name="android.provider.Telephony.SMS_RECEIVED" />
102-->src\main\AndroidManifest.xml:55:17-82
102-->src\main\AndroidManifest.xml:55:25-79
103            </intent-filter>
104        </receiver>
105        <receiver
105-->src\main\AndroidManifest.xml:59:9-67:20
106            android:name="com.pulselink.receiver.SmsSendReceiver"
106-->src\main\AndroidManifest.xml:60:13-53
107            android:enabled="true"
107-->src\main\AndroidManifest.xml:61:13-35
108            android:exported="false" >
108-->src\main\AndroidManifest.xml:62:13-37
109            <intent-filter>
109-->src\main\AndroidManifest.xml:63:13-66:29
110                <action android:name="com.pulselink.SMS_SENT" />
110-->src\main\AndroidManifest.xml:64:17-65
110-->src\main\AndroidManifest.xml:64:25-62
111                <action android:name="com.pulselink.SMS_DELIVERED" />
111-->src\main\AndroidManifest.xml:65:17-70
111-->src\main\AndroidManifest.xml:65:25-67
112            </intent-filter>
113        </receiver>
114
115        <activity
115-->src\main\AndroidManifest.xml:69:9-96:20
116            android:name="com.pulselink.ui.AssistantShortcutActivity"
116-->src\main\AndroidManifest.xml:70:13-57
117            android:excludeFromRecents="true"
117-->src\main\AndroidManifest.xml:72:13-46
118            android:exported="true"
118-->src\main\AndroidManifest.xml:71:13-36
119            android:launchMode="singleTop"
119-->src\main\AndroidManifest.xml:73:13-43
120            android:taskAffinity=""
120-->src\main\AndroidManifest.xml:74:13-36
121            android:theme="@style/Theme.PulseLink.Transparent" >
121-->src\main\AndroidManifest.xml:75:13-63
122            <intent-filter>
122-->src\main\AndroidManifest.xml:76:13-83:29
123                <action android:name="android.intent.action.VIEW" />
123-->src\main\AndroidManifest.xml:77:17-69
123-->src\main\AndroidManifest.xml:77:25-66
124
125                <category android:name="android.intent.category.DEFAULT" />
125-->src\main\AndroidManifest.xml:78:17-76
125-->src\main\AndroidManifest.xml:78:27-73
126                <category android:name="android.intent.category.BROWSABLE" />
126-->src\main\AndroidManifest.xml:79:17-78
126-->src\main\AndroidManifest.xml:79:27-75
127
128                <data
128-->src\main\AndroidManifest.xml:80:17-82:50
129                    android:host="assistant"
129-->src\main\AndroidManifest.xml:81:21-45
130                    android:scheme="pulselink" />
130-->src\main\AndroidManifest.xml:82:21-47
131            </intent-filter>
132            <intent-filter>
132-->src\main\AndroidManifest.xml:84:13-87:29
133                <action android:name="com.pulselink.intent.ASSISTANT_EMERGENCY" />
133-->src\main\AndroidManifest.xml:85:17-83
133-->src\main\AndroidManifest.xml:85:25-80
134
135                <category android:name="android.intent.category.DEFAULT" />
135-->src\main\AndroidManifest.xml:78:17-76
135-->src\main\AndroidManifest.xml:78:27-73
136            </intent-filter>
137            <intent-filter>
137-->src\main\AndroidManifest.xml:88:13-91:29
138                <action android:name="com.pulselink.intent.ASSISTANT_CHECK_IN" />
138-->src\main\AndroidManifest.xml:89:17-82
138-->src\main\AndroidManifest.xml:89:25-79
139
140                <category android:name="android.intent.category.DEFAULT" />
140-->src\main\AndroidManifest.xml:78:17-76
140-->src\main\AndroidManifest.xml:78:27-73
141            </intent-filter>
142            <intent-filter>
142-->src\main\AndroidManifest.xml:92:13-95:29
143                <action android:name="com.pulselink.intent.ASSISTANT_VOICE" />
143-->src\main\AndroidManifest.xml:93:17-79
143-->src\main\AndroidManifest.xml:93:25-76
144
145                <category android:name="android.intent.category.DEFAULT" />
145-->src\main\AndroidManifest.xml:78:17-76
145-->src\main\AndroidManifest.xml:78:27-73
146            </intent-filter>
147        </activity>
148        <activity
148-->src\main\AndroidManifest.xml:98:9-106:43
149            android:name="com.pulselink.ui.EmergencyPopupActivity"
149-->src\main\AndroidManifest.xml:99:13-54
150            android:excludeFromRecents="true"
150-->src\main\AndroidManifest.xml:104:13-46
151            android:exported="false"
151-->src\main\AndroidManifest.xml:100:13-37
152            android:launchMode="singleTop"
152-->src\main\AndroidManifest.xml:102:13-43
153            android:showOnLockScreen="true"
153-->src\main\AndroidManifest.xml:105:13-44
154            android:taskAffinity=""
154-->src\main\AndroidManifest.xml:103:13-36
155            android:theme="@style/Theme.PulseLink.Transparent"
155-->src\main\AndroidManifest.xml:101:13-63
156            android:turnScreenOn="true" />
156-->src\main\AndroidManifest.xml:106:13-40
157
158        <provider
159            android:name="androidx.core.content.FileProvider"
160            android:authorities="com.free.pulselink.export"
161            android:exported="false"
162            android:grantUriPermissions="true" >
163            <meta-data
164                android:name="android.support.FILE_PROVIDER_PATHS"
165                android:resource="@xml/file_paths" />
166        </provider> <!-- Needs to be explicitly declared on P+ -->
167        <uses-library
167-->[com.google.android.gms:play-services-maps:18.2.0] AndroidManifest.xml:39:9-41:40
168            android:name="org.apache.http.legacy"
168-->[com.google.android.gms:play-services-maps:18.2.0] AndroidManifest.xml:40:13-50
169            android:required="false" />
169-->[com.google.android.gms:play-services-maps:18.2.0] AndroidManifest.xml:41:13-37
170
171        <service
171-->[com.google.firebase:firebase-functions-ktx:21.0.0] AndroidManifest.xml:9:9-15:19
172            android:name="com.google.firebase.components.ComponentDiscoveryService"
172-->[com.google.firebase:firebase-functions-ktx:21.0.0] AndroidManifest.xml:10:13-84
173            android:directBootAware="true"
173-->[com.google.firebase:firebase-common:21.0.0] AndroidManifest.xml:32:13-43
174            android:exported="false" >
174-->[com.google.firebase:firebase-functions-ktx:21.0.0] AndroidManifest.xml:11:13-37
175            <meta-data
175-->[com.google.firebase:firebase-functions-ktx:21.0.0] AndroidManifest.xml:12:13-14:85
176                android:name="com.google.firebase.components:com.google.firebase.functions.ktx.FirebaseFunctionsLegacyRegistrar"
176-->[com.google.firebase:firebase-functions-ktx:21.0.0] AndroidManifest.xml:13:17-129
177                android:value="com.google.firebase.components.ComponentRegistrar" />
177-->[com.google.firebase:firebase-functions-ktx:21.0.0] AndroidManifest.xml:14:17-82
178            <meta-data
178-->[com.google.firebase:firebase-functions:21.0.0] AndroidManifest.xml:15:13-17:85
179                android:name="com.google.firebase.components:com.google.firebase.functions.FirebaseFunctionsKtxRegistrar"
179-->[com.google.firebase:firebase-functions:21.0.0] AndroidManifest.xml:16:17-122
180                android:value="com.google.firebase.components.ComponentRegistrar" />
180-->[com.google.firebase:firebase-functions:21.0.0] AndroidManifest.xml:17:17-82
181            <meta-data
181-->[com.google.firebase:firebase-functions:21.0.0] AndroidManifest.xml:18:13-20:85
182                android:name="com.google.firebase.components:com.google.firebase.functions.FunctionsRegistrar"
182-->[com.google.firebase:firebase-functions:21.0.0] AndroidManifest.xml:19:17-111
183                android:value="com.google.firebase.components.ComponentRegistrar" />
183-->[com.google.firebase:firebase-functions:21.0.0] AndroidManifest.xml:20:17-82
184            <meta-data
184-->[com.google.firebase:firebase-firestore-ktx:25.0.0] AndroidManifest.xml:12:13-14:85
185                android:name="com.google.firebase.components:com.google.firebase.firestore.ktx.FirebaseFirestoreLegacyRegistrar"
185-->[com.google.firebase:firebase-firestore-ktx:25.0.0] AndroidManifest.xml:13:17-129
186                android:value="com.google.firebase.components.ComponentRegistrar" />
186-->[com.google.firebase:firebase-firestore-ktx:25.0.0] AndroidManifest.xml:14:17-82
187            <meta-data
187-->[com.google.firebase:firebase-firestore:25.0.0] AndroidManifest.xml:17:13-19:85
188                android:name="com.google.firebase.components:com.google.firebase.firestore.FirebaseFirestoreKtxRegistrar"
188-->[com.google.firebase:firebase-firestore:25.0.0] AndroidManifest.xml:18:17-122
189                android:value="com.google.firebase.components.ComponentRegistrar" />
189-->[com.google.firebase:firebase-firestore:25.0.0] AndroidManifest.xml:19:17-82
190            <meta-data
190-->[com.google.firebase:firebase-firestore:25.0.0] AndroidManifest.xml:20:13-22:85
191                android:name="com.google.firebase.components:com.google.firebase.firestore.FirestoreRegistrar"
191-->[com.google.firebase:firebase-firestore:25.0.0] AndroidManifest.xml:21:17-111
192                android:value="com.google.firebase.components.ComponentRegistrar" />
192-->[com.google.firebase:firebase-firestore:25.0.0] AndroidManifest.xml:22:17-82
193            <meta-data
193-->[com.google.firebase:firebase-auth-ktx:23.0.0] AndroidManifest.xml:11:13-13:85
194                android:name="com.google.firebase.components:com.google.firebase.auth.ktx.FirebaseAuthLegacyRegistrar"
194-->[com.google.firebase:firebase-auth-ktx:23.0.0] AndroidManifest.xml:12:17-119
195                android:value="com.google.firebase.components.ComponentRegistrar" />
195-->[com.google.firebase:firebase-auth-ktx:23.0.0] AndroidManifest.xml:13:17-82
196            <meta-data
196-->[com.google.firebase:firebase-auth:23.0.0] AndroidManifest.xml:69:13-71:85
197                android:name="com.google.firebase.components:com.google.firebase.auth.FirebaseAuthRegistrar"
197-->[com.google.firebase:firebase-auth:23.0.0] AndroidManifest.xml:70:17-109
198                android:value="com.google.firebase.components.ComponentRegistrar" />
198-->[com.google.firebase:firebase-auth:23.0.0] AndroidManifest.xml:71:17-82
199            <meta-data
199-->[com.google.firebase:firebase-iid:21.1.0] AndroidManifest.xml:32:13-34:85
200                android:name="com.google.firebase.components:com.google.firebase.iid.Registrar"
200-->[com.google.firebase:firebase-iid:21.1.0] AndroidManifest.xml:33:17-96
201                android:value="com.google.firebase.components.ComponentRegistrar" />
201-->[com.google.firebase:firebase-iid:21.1.0] AndroidManifest.xml:34:17-82
202            <meta-data
202-->[com.google.firebase:firebase-crashlytics-ktx:19.0.1] AndroidManifest.xml:24:13-26:85
203                android:name="com.google.firebase.components:com.google.firebase.crashlytics.ktx.FirebaseCrashlyticsKtxRegistrar"
203-->[com.google.firebase:firebase-crashlytics-ktx:19.0.1] AndroidManifest.xml:25:17-130
204                android:value="com.google.firebase.components.ComponentRegistrar" />
204-->[com.google.firebase:firebase-crashlytics-ktx:19.0.1] AndroidManifest.xml:26:17-82
205            <meta-data
205-->[com.google.firebase:firebase-crashlytics:19.0.1] AndroidManifest.xml:15:13-17:85
206                android:name="com.google.firebase.components:com.google.firebase.crashlytics.FirebaseCrashlyticsKtxRegistrar"
206-->[com.google.firebase:firebase-crashlytics:19.0.1] AndroidManifest.xml:16:17-126
207                android:value="com.google.firebase.components.ComponentRegistrar" />
207-->[com.google.firebase:firebase-crashlytics:19.0.1] AndroidManifest.xml:17:17-82
208            <meta-data
208-->[com.google.firebase:firebase-crashlytics:19.0.1] AndroidManifest.xml:18:13-20:85
209                android:name="com.google.firebase.components:com.google.firebase.crashlytics.CrashlyticsRegistrar"
209-->[com.google.firebase:firebase-crashlytics:19.0.1] AndroidManifest.xml:19:17-115
210                android:value="com.google.firebase.components.ComponentRegistrar" />
210-->[com.google.firebase:firebase-crashlytics:19.0.1] AndroidManifest.xml:20:17-82
211            <meta-data
211-->[com.google.firebase:firebase-sessions:2.0.1] AndroidManifest.xml:29:13-31:85
212                android:name="com.google.firebase.components:com.google.firebase.sessions.FirebaseSessionsRegistrar"
212-->[com.google.firebase:firebase-sessions:2.0.1] AndroidManifest.xml:30:17-117
213                android:value="com.google.firebase.components.ComponentRegistrar" />
213-->[com.google.firebase:firebase-sessions:2.0.1] AndroidManifest.xml:31:17-82
214            <meta-data
214-->[com.google.firebase:firebase-config-ktx:22.0.0] AndroidManifest.xml:12:13-14:85
215                android:name="com.google.firebase.components:com.google.firebase.remoteconfig.ktx.FirebaseConfigLegacyRegistrar"
215-->[com.google.firebase:firebase-config-ktx:22.0.0] AndroidManifest.xml:13:17-129
216                android:value="com.google.firebase.components.ComponentRegistrar" />
216-->[com.google.firebase:firebase-config-ktx:22.0.0] AndroidManifest.xml:14:17-82
217            <meta-data
217-->[com.google.firebase:firebase-config:22.0.0] AndroidManifest.xml:29:13-31:85
218                android:name="com.google.firebase.components:com.google.firebase.remoteconfig.FirebaseRemoteConfigKtxRegistrar"
218-->[com.google.firebase:firebase-config:22.0.0] AndroidManifest.xml:30:17-128
219                android:value="com.google.firebase.components.ComponentRegistrar" />
219-->[com.google.firebase:firebase-config:22.0.0] AndroidManifest.xml:31:17-82
220            <meta-data
220-->[com.google.firebase:firebase-config:22.0.0] AndroidManifest.xml:32:13-34:85
221                android:name="com.google.firebase.components:com.google.firebase.remoteconfig.RemoteConfigRegistrar"
221-->[com.google.firebase:firebase-config:22.0.0] AndroidManifest.xml:33:17-117
222                android:value="com.google.firebase.components.ComponentRegistrar" />
222-->[com.google.firebase:firebase-config:22.0.0] AndroidManifest.xml:34:17-82
223            <meta-data
223-->[com.google.firebase:firebase-installations:18.0.0] AndroidManifest.xml:15:13-17:85
224                android:name="com.google.firebase.components:com.google.firebase.installations.FirebaseInstallationsKtxRegistrar"
224-->[com.google.firebase:firebase-installations:18.0.0] AndroidManifest.xml:16:17-130
225                android:value="com.google.firebase.components.ComponentRegistrar" />
225-->[com.google.firebase:firebase-installations:18.0.0] AndroidManifest.xml:17:17-82
226            <meta-data
226-->[com.google.firebase:firebase-installations:18.0.0] AndroidManifest.xml:18:13-20:85
227                android:name="com.google.firebase.components:com.google.firebase.installations.FirebaseInstallationsRegistrar"
227-->[com.google.firebase:firebase-installations:18.0.0] AndroidManifest.xml:19:17-127
228                android:value="com.google.firebase.components.ComponentRegistrar" />
228-->[com.google.firebase:firebase-installations:18.0.0] AndroidManifest.xml:20:17-82
229            <meta-data
229-->[com.google.firebase:firebase-common-ktx:21.0.0] AndroidManifest.xml:12:13-14:85
230                android:name="com.google.firebase.components:com.google.firebase.ktx.FirebaseCommonLegacyRegistrar"
230-->[com.google.firebase:firebase-common-ktx:21.0.0] AndroidManifest.xml:13:17-116
231                android:value="com.google.firebase.components.ComponentRegistrar" />
231-->[com.google.firebase:firebase-common-ktx:21.0.0] AndroidManifest.xml:14:17-82
232            <meta-data
232-->[com.google.firebase:firebase-common:21.0.0] AndroidManifest.xml:35:13-37:85
233                android:name="com.google.firebase.components:com.google.firebase.FirebaseCommonKtxRegistrar"
233-->[com.google.firebase:firebase-common:21.0.0] AndroidManifest.xml:36:17-109
234                android:value="com.google.firebase.components.ComponentRegistrar" />
234-->[com.google.firebase:firebase-common:21.0.0] AndroidManifest.xml:37:17-82
235            <meta-data
235-->[com.google.firebase:firebase-abt:21.1.1] AndroidManifest.xml:12:13-14:85
236                android:name="com.google.firebase.components:com.google.firebase.abt.component.AbtRegistrar"
236-->[com.google.firebase:firebase-abt:21.1.1] AndroidManifest.xml:13:17-109
237                android:value="com.google.firebase.components.ComponentRegistrar" />
237-->[com.google.firebase:firebase-abt:21.1.1] AndroidManifest.xml:14:17-82
238            <meta-data
238-->[com.google.firebase:firebase-datatransport:18.1.8] AndroidManifest.xml:27:13-29:85
239                android:name="com.google.firebase.components:com.google.firebase.datatransport.TransportRegistrar"
239-->[com.google.firebase:firebase-datatransport:18.1.8] AndroidManifest.xml:28:17-115
240                android:value="com.google.firebase.components.ComponentRegistrar" />
240-->[com.google.firebase:firebase-datatransport:18.1.8] AndroidManifest.xml:29:17-82
241        </service>
242
243        <activity
243-->[com.google.firebase:firebase-auth:23.0.0] AndroidManifest.xml:29:9-46:20
244            android:name="com.google.firebase.auth.internal.GenericIdpActivity"
244-->[com.google.firebase:firebase-auth:23.0.0] AndroidManifest.xml:30:13-80
245            android:excludeFromRecents="true"
245-->[com.google.firebase:firebase-auth:23.0.0] AndroidManifest.xml:31:13-46
246            android:exported="true"
246-->[com.google.firebase:firebase-auth:23.0.0] AndroidManifest.xml:32:13-36
247            android:launchMode="singleTask"
247-->[com.google.firebase:firebase-auth:23.0.0] AndroidManifest.xml:33:13-44
248            android:theme="@android:style/Theme.Translucent.NoTitleBar" >
248-->[com.google.firebase:firebase-auth:23.0.0] AndroidManifest.xml:34:13-72
249            <intent-filter>
249-->[com.google.firebase:firebase-auth:23.0.0] AndroidManifest.xml:35:13-45:29
250                <action android:name="android.intent.action.VIEW" />
250-->src\main\AndroidManifest.xml:77:17-69
250-->src\main\AndroidManifest.xml:77:25-66
251
252                <category android:name="android.intent.category.DEFAULT" />
252-->src\main\AndroidManifest.xml:78:17-76
252-->src\main\AndroidManifest.xml:78:27-73
253                <category android:name="android.intent.category.BROWSABLE" />
253-->src\main\AndroidManifest.xml:79:17-78
253-->src\main\AndroidManifest.xml:79:27-75
254
255                <data
255-->src\main\AndroidManifest.xml:80:17-82:50
256                    android:host="firebase.auth"
256-->src\main\AndroidManifest.xml:81:21-45
257                    android:path="/"
258                    android:scheme="genericidp" />
258-->src\main\AndroidManifest.xml:82:21-47
259            </intent-filter>
260        </activity>
261        <activity
261-->[com.google.firebase:firebase-auth:23.0.0] AndroidManifest.xml:47:9-64:20
262            android:name="com.google.firebase.auth.internal.RecaptchaActivity"
262-->[com.google.firebase:firebase-auth:23.0.0] AndroidManifest.xml:48:13-79
263            android:excludeFromRecents="true"
263-->[com.google.firebase:firebase-auth:23.0.0] AndroidManifest.xml:49:13-46
264            android:exported="true"
264-->[com.google.firebase:firebase-auth:23.0.0] AndroidManifest.xml:50:13-36
265            android:launchMode="singleTask"